<?xml version="1.0" encoding="UTF-8"?>
<testng-results skipped="0" failed="0" ignored="0" total="1" passed="1">
  <reporter-output>
  </reporter-output>
  <suite name="Default suite" duration-ms="8065" started-at="2021-08-06T18:51:00 CDT" finished-at="2021-08-06T18:51:08 CDT">
    <groups>
    </groups>
    <test name="Default test" duration-ms="8065" started-at="2021-08-06T18:51:00 CDT" finished-at="2021-08-06T18:51:08 CDT">
      <class name="test.AddCustomerTest">
        <test-method status="PASS" signature="ValidUserShouldAbleToAddCustomer()[pri:0, instance:test.AddCustomerTest@4d41cee]" name="ValidUserShouldAbleToAddCustomer" duration-ms="8021" started-at="2021-08-06T18:51:00 CDT" finished-at="2021-08-06T18:51:08 CDT">
          <reporter-output>
          </reporter-output>
        </test-method> <!-- ValidUserShouldAbleToAddCustomer -->
      </class> <!-- test.AddCustomerTest -->
    </test> <!-- Default test -->
  </suite> <!-- Default suite -->
</testng-results>
